Unity Editor version:    2021.2.16f1 (559fc0ec6670)
Branch:                  2021.2/staging
Build type:              Release
Batch mode:              YES
macOS version:           Version 12.3 (Build 21E230)
Darwin version:          21.4.0
Architecture:            x86_64
Running under Rosetta:   NO
Available memory:        8192 MB
Using pre-set license
Pro License: YES

COMMAND LINE ARGUMENTS:
/Applications/Unity/Hub/Editor/2021.2.16f1/Unity.app/Contents/MacOS/Unity
-adb2
-batchMode
-noUpm
-name
AssetImportWorker0
-projectPath
/Users/mohitloganathan/mohit/PublicSpeakingVR_XR/My project
-logFile
Logs/AssetImportWorker0.log
-srvPort
51291
Successfully changed project path to: /Users/mohitloganathan/mohit/PublicSpeakingVR_XR/My project
/Users/mohitloganathan/mohit/PublicSpeakingVR_XR/My project
[UnityMemory] Configuration Parameters - Can be set up in boot.config
    "memorysetup-bucket-allocator-granularity=16"
    "memorysetup-bucket-allocator-bucket-count=8"
    "memorysetup-bucket-allocator-block-size=33554432"
    "memorysetup-bucket-allocator-block-count=8"
    "memorysetup-main-allocator-block-size=16777216"
    "memorysetup-thread-allocator-block-size=16777216"
    "memorysetup-gfx-main-allocator-block-size=16777216"
    "memorysetup-gfx-thread-allocator-block-size=16777216"
    "memorysetup-cache-allocator-block-size=4194304"
    "memorysetup-typetree-allocator-block-size=2097152"
    "memorysetup-profiler-bucket-allocator-granularity=16"
    "memorysetup-profiler-bucket-allocator-bucket-count=8"
    "memorysetup-profiler-bucket-allocator-block-size=33554432"
    "memorysetup-profiler-bucket-allocator-block-count=8"
    "memorysetup-profiler-allocator-block-size=16777216"
    "memorysetup-profiler-editor-allocator-block-size=1048576"
    "memorysetup-temp-allocator-size-main=16777216"
    "memorysetup-job-temp-allocator-block-size=2097152"
    "memorysetup-job-temp-allocator-block-size-background=1048576"
    "memorysetup-job-temp-allocator-reduction-small-platforms=262144"
    "memorysetup-temp-allocator-size-background-worker=32768"
    "memorysetup-temp-allocator-size-job-worker=262144"
    "memorysetup-temp-allocator-size-preload-manager=33554432"
    "memorysetup-temp-allocator-size-nav-mesh-worker=65536"
    "memorysetup-temp-allocator-size-audio-worker=65536"
    "memorysetup-temp-allocator-size-cloud-worker=32768"
    "memorysetup-temp-allocator-size-gi-baking-worker=262144"
    "memorysetup-temp-allocator-size-gfx=262144"
Refreshing native plugins compatible for Editor in 242.61 ms, found 3 plugins.
Preloading 1 native plugins for Editor in 16.22 ms.
Initialize engine version: 2021.2.16f1 (559fc0ec6670)
[Subsystems] Discovering subsystems at path /Applications/Unity/Hub/Editor/2021.2.16f1/Unity.app/Contents/Resources/UnitySubsystems
[Subsystems] Discovering subsystems at path /Users/mohitloganathan/mohit/PublicSpeakingVR_XR/My project/Assets
GfxDevice: creating device client; threaded=0; jobified=0
Color LCD preferred device: Intel(R) Iris(TM) Graphics 6000 (low power)
Metal devices available: 1
0: Intel(R) Iris(TM) Graphics 6000 (low power)
Using device Intel(R) Iris(TM) Graphics 6000 (low power)
Initializing Metal device caps: Intel(R) Iris(TM) Graphics 6000
Initialize mono
Mono path[0] = '/Applications/Unity/Hub/Editor/2021.2.16f1/Unity.app/Contents/Managed'
Mono path[1] = '/Applications/Unity/Hub/Editor/2021.2.16f1/Unity.app/Contents/MonoBleedingEdge/lib/mono/unityjit-macos'
Mono config path = '/Applications/Unity/Hub/Editor/2021.2.16f1/Unity.app/Contents/MonoBleedingEdge/etc'
Using monoOptions --debugger-agent=transport=dt_socket,embedding=1,server=y,suspend=n,address=127.0.0.1:56433
Begin MonoManager ReloadAssembly
Registering precompiled unity dll's ...
Register platform support module: /Applications/Unity/Hub/Editor/2021.2.16f1/Unity.app/Contents/PlaybackEngines/MacStandaloneSupport/UnityEditor.OSXStandalone.Extensions.dll
Register platform support module: /Applications/Unity/Hub/Editor/2021.2.16f1/PlaybackEngines/AndroidPlayer/UnityEditor.Android.Extensions.dll
Registered in 0.003871 seconds.
Native extension for Android target not found
Native extension for OSXStandalone target not found
Refreshing native plugins compatible for Editor in 300.55 ms, found 3 plugins.
Preloading 1 native plugins for Editor in 0.70 ms.
Mono: successfully reloaded assembly
- Completed reload, in  2.284 seconds
Domain Reload Profiling:
	ReloadAssembly (2286ms)
		BeginReloadAssembly (127ms)
			ExecutionOrderSort (0ms)
			DisableScriptedObjects (0ms)
			BackupInstance (0ms)
			ReleaseScriptingObjects (0ms)
			CreateAndSetChildDomain (1ms)
		EndReloadAssembly (1761ms)
			LoadAssemblies (128ms)
			RebuildTransferFunctionScriptingTraits (0ms)
			SetupTypeCache (430ms)
			ReleaseScriptCaches (0ms)
			RebuildScriptCaches (114ms)
			SetupLoadedEditorAssemblies (1057ms)
				LogAssemblyErrors (0ms)
				InitializePlatformSupportModulesInManaged (186ms)
				SetLoadedEditorAssemblies (13ms)
				RefreshPlugins (301ms)
				BeforeProcessingInitializeOnLoad (4ms)
				ProcessInitializeOnLoadAttributes (378ms)
				ProcessInitializeOnLoadMethodAttributes (173ms)
				AfterProcessingInitializeOnLoad (0ms)
				EditorAssembliesLoaded (0ms)
			ExecutionOrderSort2 (0ms)
			AwakeInstancesAfterBackupRestoration (0ms)
Platform modules already initialized, skipping
Registering precompiled user dll's ...
Registered in 0.005806 seconds.
Android Extension - Scanning For ADB Devices 4255 ms
Begin MonoManager ReloadAssembly
Symbol file LoadedFromMemory doesn't match image /Users/mohitloganathan/mohit/PublicSpeakingVR_XR/My project/Library/PackageCache/com.unity.visualscripting@1.7.6/Editor/VisualScripting.Core/Dependencies/YamlDotNet/Unity.VisualScripting.YamlDotNet.dll
Symbol file LoadedFromMemory doesn't match image /Users/mohitloganathan/mohit/PublicSpeakingVR_XR/My project/Library/PackageCache/com.unity.visualscripting@1.7.6/Editor/VisualScripting.Core/Dependencies/DotNetZip/Unity.VisualScripting.IonicZip.dll
Native extension for Android target not found
Native extension for OSXStandalone target not found
Refreshing native plugins compatible for Editor in 242.86 ms, found 3 plugins.
Preloading 1 native plugins for Editor in 1.64 ms.
Package Manager log level set to [2]
Mono: successfully reloaded assembly
- Completed reload, in  3.357 seconds
Domain Reload Profiling:
	ReloadAssembly (3359ms)
		BeginReloadAssembly (220ms)
			ExecutionOrderSort (0ms)
			DisableScriptedObjects (13ms)
			BackupInstance (0ms)
			ReleaseScriptingObjects (0ms)
			CreateAndSetChildDomain (58ms)
		EndReloadAssembly (2883ms)
			LoadAssemblies (259ms)
			RebuildTransferFunctionScriptingTraits (0ms)
			SetupTypeCache (901ms)
			ReleaseScriptCaches (4ms)
			RebuildScriptCaches (172ms)
			SetupLoadedEditorAssemblies (1346ms)
				LogAssemblyErrors (0ms)
				InitializePlatformSupportModulesInManaged (27ms)
				SetLoadedEditorAssemblies (1ms)
				RefreshPlugins (245ms)
				BeforeProcessingInitializeOnLoad (186ms)
				ProcessInitializeOnLoadAttributes (834ms)
				ProcessInitializeOnLoadMethodAttributes (51ms)
				AfterProcessingInitializeOnLoad (2ms)
				EditorAssembliesLoaded (0ms)
			ExecutionOrderSort2 (0ms)
			AwakeInstancesAfterBackupRestoration (9ms)
Platform modules already initialized, skipping
========================================================================
Worker process is ready to serve import requests
Switching build target platform(13) subTarget(0) extendedPlatform(0) -> platform(2) subTarget(0) extendedPlatform(0)
Launching external process: /Applications/Unity/Hub/Editor/2021.2.16f1/Unity.app/Contents/Tools/UnityShaderCompiler
Launched and connected shader compiler UnityShaderCompiler after 0.18 seconds
Refreshing native plugins compatible for Editor in 1.02 ms, found 3 plugins.
Preloading 1 native plugins for Editor in 0.45 ms.
Unloading 3984 Unused Serialized files (Serialized files now loaded: 0)
Unloading 28 unused Assets / (95.5 KB). Loaded Objects now: 4447.
Memory consumption went from 254.2 MB to 254.1 MB.
Total: 8.038986 ms (FindLiveObjects: 0.668040 ms CreateObjectMapping: 0.702746 ms MarkObjects: 6.462470 ms  DeleteObjects: 0.203844 ms)

AssetImportParameters requested are different than current active one (requested -> active):
  custom:video-decoder-ogg-theora: a1e56fd34408186e4bbccfd4996cb3dc -> 
  custom:container-muxer-webm: aa71ff27fc2769a1b78a27578f13a17b -> 
  custom:container-demuxer-webm: 4f35f7cbe854078d1ac9338744f61a02 -> 
  custom:video-encoder-webm-vp8: eb34c28f22e8b96e1ab97ce403110664 -> 
  custom:framework-osx-AVFoundation: e770b220cccbd017edd2c1fefb359320 -> 
  custom:audio-encoder-webm-vorbis: bf7c407c2cedff20999df2af8eb42d56 -> 
  custom:container-demuxer-ogg: 62fdf1f143b41e24485cea50d1cbac27 -> 
  custom:video-decoder-webm-vp8: 9c59270c3fd7afecdb556c50c9e8de78 -> 
  custom:audio-decoder-ogg-vorbis: bf7c407c2cedff20999df2af8eb42d56 -> 
========================================================================
Received Prepare
Refreshing native plugins compatible for Editor in 11.34 ms, found 3 plugins.
Preloading 1 native plugins for Editor in 0.49 ms.
Unloading 18 Unused Serialized files (Serialized files now loaded: 0)
Unloading 18 unused Assets / (72.0 KB). Loaded Objects now: 4447.
Memory consumption went from 174.5 MB to 174.4 MB.
Total: 5.653462 ms (FindLiveObjects: 0.465973 ms CreateObjectMapping: 0.472564 ms MarkObjects: 4.527141 ms  DeleteObjects: 0.186140 ms)

AssetImportParameters requested are different than current active one (requested -> active):
  custom:video-decoder-ogg-theora: a1e56fd34408186e4bbccfd4996cb3dc -> 
  custom:container-muxer-webm: aa71ff27fc2769a1b78a27578f13a17b -> 
  custom:container-demuxer-webm: 4f35f7cbe854078d1ac9338744f61a02 -> 
  custom:video-encoder-webm-vp8: eb34c28f22e8b96e1ab97ce403110664 -> 
  custom:framework-osx-AVFoundation: e770b220cccbd017edd2c1fefb359320 -> 
  custom:audio-encoder-webm-vorbis: bf7c407c2cedff20999df2af8eb42d56 -> 
  custom:container-demuxer-ogg: 62fdf1f143b41e24485cea50d1cbac27 -> 
  custom:video-decoder-webm-vp8: 9c59270c3fd7afecdb556c50c9e8de78 -> 
  custom:audio-decoder-ogg-vorbis: bf7c407c2cedff20999df2af8eb42d56 -> 
========================================================================
Received Prepare
Refreshing native plugins compatible for Editor in 4.76 ms, found 3 plugins.
Preloading 1 native plugins for Editor in 0.56 ms.
Unloading 18 Unused Serialized files (Serialized files now loaded: 0)
Unloading 18 unused Assets / (71.8 KB). Loaded Objects now: 4447.
Memory consumption went from 174.5 MB to 174.4 MB.
Total: 8.915053 ms (FindLiveObjects: 0.527323 ms CreateObjectMapping: 0.892908 ms MarkObjects: 7.317390 ms  DeleteObjects: 0.175683 ms)

AssetImportParameters requested are different than current active one (requested -> active):
  custom:video-decoder-ogg-theora: a1e56fd34408186e4bbccfd4996cb3dc -> 
  custom:container-muxer-webm: aa71ff27fc2769a1b78a27578f13a17b -> 
  custom:container-demuxer-webm: 4f35f7cbe854078d1ac9338744f61a02 -> 
  custom:video-encoder-webm-vp8: eb34c28f22e8b96e1ab97ce403110664 -> 
  custom:framework-osx-AVFoundation: e770b220cccbd017edd2c1fefb359320 -> 
  custom:audio-encoder-webm-vorbis: bf7c407c2cedff20999df2af8eb42d56 -> 
  custom:container-demuxer-ogg: 62fdf1f143b41e24485cea50d1cbac27 -> 
  custom:video-decoder-webm-vp8: 9c59270c3fd7afecdb556c50c9e8de78 -> 
  custom:audio-decoder-ogg-vorbis: bf7c407c2cedff20999df2af8eb42d56 -> 
========================================================================
Received Import Request.
  Time since last request: 221839.555040 seconds.
  path: Assets/Samples/XR Interaction Toolkit/2.0.1/XR Device Simulator
  artifactKey: Guid(204b7b04e72ce4068ba3eea9ea34197e) Importer(815301076,1909f56bfc062723c751e8b465ee728b)
Start importing Assets/Samples/XR Interaction Toolkit/2.0.1/XR Device Simulator using Guid(204b7b04e72ce4068ba3eea9ea34197e) Importer(815301076,1909f56bfc062723c751e8b465ee728b)  -> (artifact id: '996665dcbd4fbc525ab1c32eeb355709') in 0.007167 seconds 
========================================================================
Received Prepare
Registering precompiled user dll's ...
Registered in 0.004848 seconds.
Begin MonoManager ReloadAssembly
Symbol file LoadedFromMemory doesn't match image /Users/mohitloganathan/mohit/PublicSpeakingVR_XR/My project/Library/PackageCache/com.unity.visualscripting@1.7.6/Editor/VisualScripting.Core/Dependencies/YamlDotNet/Unity.VisualScripting.YamlDotNet.dll
Symbol file LoadedFromMemory doesn't match image /Users/mohitloganathan/mohit/PublicSpeakingVR_XR/My project/Library/PackageCache/com.unity.visualscripting@1.7.6/Editor/VisualScripting.Core/Dependencies/DotNetZip/Unity.VisualScripting.IonicZip.dll
Native extension for Android target not found
Native extension for OSXStandalone target not found
Refreshing native plugins compatible for Editor in 1.05 ms, found 3 plugins.
Preloading 1 native plugins for Editor in 0.55 ms.
Mono: successfully reloaded assembly
- Completed reload, in  3.260 seconds
Domain Reload Profiling:
	ReloadAssembly (3262ms)
		BeginReloadAssembly (609ms)
			ExecutionOrderSort (0ms)
			DisableScriptedObjects (18ms)
			BackupInstance (0ms)
			ReleaseScriptingObjects (0ms)
			CreateAndSetChildDomain (160ms)
		EndReloadAssembly (2434ms)
			LoadAssemblies (632ms)
			RebuildTransferFunctionScriptingTraits (0ms)
			SetupTypeCache (982ms)
			ReleaseScriptCaches (3ms)
			RebuildScriptCaches (99ms)
			SetupLoadedEditorAssemblies (822ms)
				LogAssemblyErrors (0ms)
				InitializePlatformSupportModulesInManaged (37ms)
				SetLoadedEditorAssemblies (1ms)
				RefreshPlugins (2ms)
				BeforeProcessingInitializeOnLoad (127ms)
				ProcessInitializeOnLoadAttributes (600ms)
				ProcessInitializeOnLoadMethodAttributes (54ms)
				AfterProcessingInitializeOnLoad (2ms)
				EditorAssembliesLoaded (0ms)
			ExecutionOrderSort2 (0ms)
			AwakeInstancesAfterBackupRestoration (14ms)
Platform modules already initialized, skipping
Refreshing native plugins compatible for Editor in 12.78 ms, found 3 plugins.
Preloading 1 native plugins for Editor in 0.92 ms.
Unloading 3966 Unused Serialized files (Serialized files now loaded: 0)
Unloading 18 unused Assets / (71.8 KB). Loaded Objects now: 4451.
Memory consumption went from 255.1 MB to 255.1 MB.
Total: 6.973326 ms (FindLiveObjects: 0.436421 ms CreateObjectMapping: 0.200720 ms MarkObjects: 6.140553 ms  DeleteObjects: 0.193613 ms)

AssetImportParameters requested are different than current active one (requested -> active):
  custom:video-decoder-ogg-theora: a1e56fd34408186e4bbccfd4996cb3dc -> 
  custom:container-muxer-webm: aa71ff27fc2769a1b78a27578f13a17b -> 
  custom:container-demuxer-webm: 4f35f7cbe854078d1ac9338744f61a02 -> 
  custom:video-encoder-webm-vp8: eb34c28f22e8b96e1ab97ce403110664 -> 
  custom:framework-osx-AVFoundation: e770b220cccbd017edd2c1fefb359320 -> 
  custom:audio-encoder-webm-vorbis: bf7c407c2cedff20999df2af8eb42d56 -> 
  custom:container-demuxer-ogg: 62fdf1f143b41e24485cea50d1cbac27 -> 
  custom:video-decoder-webm-vp8: 9c59270c3fd7afecdb556c50c9e8de78 -> 
  custom:audio-decoder-ogg-vorbis: bf7c407c2cedff20999df2af8eb42d56 -> 
========================================================================
Received Import Request.
  Time since last request: 63.240297 seconds.
  path: Assets/Models
  artifactKey: Guid(493881d40e6334f90af35a773ae61a71) Importer(815301076,1909f56bfc062723c751e8b465ee728b)
Start importing Assets/Models using Guid(493881d40e6334f90af35a773ae61a71) Importer(815301076,1909f56bfc062723c751e8b465ee728b)  -> (artifact id: 'dcecb92ecb7114b8a74e01a734e4dfff') in 0.024189 seconds 
========================================================================
Received Import Request.
  Time since last request: 7.290813 seconds.
  path: Assets/Models/LeftHand.fbx
  artifactKey: Guid(d5e9dceb887c44086b5cf90e5b737e9e) Importer(815301076,1909f56bfc062723c751e8b465ee728b)
Start importing Assets/Models/LeftHand.fbx using Guid(d5e9dceb887c44086b5cf90e5b737e9e) Importer(815301076,1909f56bfc062723c751e8b465ee728b)  -> (artifact id: '1fd2ce938bb059091cffa337ccdf9c6e') in 1.105381 seconds 
========================================================================
Received Import Request.
  Time since last request: 0.000117 seconds.
  path: Assets/Models/RightHand.fbx
  artifactKey: Guid(fe8019ce876184d3f8dc211d7d767f09) Importer(815301076,1909f56bfc062723c751e8b465ee728b)
Start importing Assets/Models/RightHand.fbx using Guid(fe8019ce876184d3f8dc211d7d767f09) Importer(815301076,1909f56bfc062723c751e8b465ee728b)  -> (artifact id: 'a6ac365cf3fb1cc6893ae8c161702bdf') in 0.070840 seconds 
========================================================================
Received Import Request.
  Time since last request: 9.437619 seconds.
  path: Assets/Samples/XR Interaction Toolkit/2.0.1/Starter Assets
  artifactKey: Guid(f97457a5a86be4c748f5e416e37b8c16) Importer(815301076,1909f56bfc062723c751e8b465ee728b)
Start importing Assets/Samples/XR Interaction Toolkit/2.0.1/Starter Assets using Guid(f97457a5a86be4c748f5e416e37b8c16) Importer(815301076,1909f56bfc062723c751e8b465ee728b)  -> (artifact id: 'a1c955d0f498411f061597de9081cfe3') in 0.003306 seconds 
========================================================================
Received Import Request.
  Time since last request: 0.098152 seconds.
  path: Assets/Samples/XR Interaction Toolkit/2.0.1/Starter Assets/XRI Default Continuous Move.preset
  artifactKey: Guid(91f9da00cfdac5d49955df2d2d820b9c) Importer(815301076,1909f56bfc062723c751e8b465ee728b)
Start importing Assets/Samples/XR Interaction Toolkit/2.0.1/Starter Assets/XRI Default Continuous Move.preset using Guid(91f9da00cfdac5d49955df2d2d820b9c) Importer(815301076,1909f56bfc062723c751e8b465ee728b)  -> (artifact id: '80bd2ecd4112e3c3015c6addeb89fea4') in 0.164943 seconds 
========================================================================
Received Import Request.
  Time since last request: 0.000158 seconds.
  path: Assets/Samples/XR Interaction Toolkit/2.0.1/Starter Assets/XRI Default Left Controller.preset
  artifactKey: Guid(ffd8268f7307a0c48a067dad4a8fe060) Importer(815301076,1909f56bfc062723c751e8b465ee728b)
Start importing Assets/Samples/XR Interaction Toolkit/2.0.1/Starter Assets/XRI Default Left Controller.preset using Guid(ffd8268f7307a0c48a067dad4a8fe060) Importer(815301076,1909f56bfc062723c751e8b465ee728b)  -> (artifact id: '2884d48827da20c93cb0f3912d195851') in 0.030622 seconds 
========================================================================
Received Import Request.
  Time since last request: 0.000679 seconds.
  path: Assets/Samples/XR Interaction Toolkit/2.0.1/Starter Assets/XRI Default Snap Turn.preset
  artifactKey: Guid(18697d253d848974aa7052cba872c9f0) Importer(815301076,1909f56bfc062723c751e8b465ee728b)
Start importing Assets/Samples/XR Interaction Toolkit/2.0.1/Starter Assets/XRI Default Snap Turn.preset using Guid(18697d253d848974aa7052cba872c9f0) Importer(815301076,1909f56bfc062723c751e8b465ee728b)  -> (artifact id: '7acc7278423eaabf268c6d77776e39d6') in 0.020865 seconds 
========================================================================
Received Import Request.
  Time since last request: 0.000104 seconds.
  path: Assets/Samples/XR Interaction Toolkit/2.0.1/Starter Assets/XRI Default Input Actions.inputactions
  artifactKey: Guid(c348712bda248c246b8c49b3db54643f) Importer(815301076,1909f56bfc062723c751e8b465ee728b)
Start importing Assets/Samples/XR Interaction Toolkit/2.0.1/Starter Assets/XRI Default Input Actions.inputactions using Guid(c348712bda248c246b8c49b3db54643f) Importer(815301076,1909f56bfc062723c751e8b465ee728b)  -> (artifact id: '2bde751be6ebe93f50f6471ded8c0817') in 0.194136 seconds 
========================================================================
Received Import Request.
  Time since last request: 0.000181 seconds.
  path: Assets/Samples/XR Interaction Toolkit/2.0.1/Starter Assets/XRI Default Continuous Turn.preset
  artifactKey: Guid(0caad3af14f9a414dbdf25ed41e5aa47) Importer(815301076,1909f56bfc062723c751e8b465ee728b)
Start importing Assets/Samples/XR Interaction Toolkit/2.0.1/Starter Assets/XRI Default Continuous Turn.preset using Guid(0caad3af14f9a414dbdf25ed41e5aa47) Importer(815301076,1909f56bfc062723c751e8b465ee728b)  -> (artifact id: '9422b6bf5aec3a199f7b6ae6146b8a0a') in 0.025574 seconds 
========================================================================
Received Import Request.
  Time since last request: 0.000144 seconds.
  path: Assets/Samples/XR Interaction Toolkit/2.0.1/Starter Assets/XRI Default Right Controller.preset
  artifactKey: Guid(1421ad86ff3787b4dae70fe9e699a25f) Importer(815301076,1909f56bfc062723c751e8b465ee728b)
Start importing Assets/Samples/XR Interaction Toolkit/2.0.1/Starter Assets/XRI Default Right Controller.preset using Guid(1421ad86ff3787b4dae70fe9e699a25f) Importer(815301076,1909f56bfc062723c751e8b465ee728b)  -> (artifact id: '0cc5bde49c183b350c53e9b47bc12668') in 0.020527 seconds 
========================================================================
Received Import Request.
  Time since last request: 133.052048 seconds.
  path: Assets/Samples/XR Interaction Toolkit/2.0.1/XR Device Simulator/XR Device Simulator Controls.inputactions
  artifactKey: Guid(da2b439d1a2de5c46a4f428f8cf4fe19) Importer(815301076,1909f56bfc062723c751e8b465ee728b)
Start importing Assets/Samples/XR Interaction Toolkit/2.0.1/XR Device Simulator/XR Device Simulator Controls.inputactions using Guid(da2b439d1a2de5c46a4f428f8cf4fe19) Importer(815301076,1909f56bfc062723c751e8b465ee728b)  -> (artifact id: '8fac4a612fb7ca4aeb1fec6821e6a4c3') in 0.044409 seconds 
========================================================================
Received Import Request.
  Time since last request: 53.245156 seconds.
  path: Assets/XR/XRGeneralSettings.asset
  artifactKey: Guid(6c573405ef54642d7be40b3f428f5006) Importer(815301076,1909f56bfc062723c751e8b465ee728b)
Start importing Assets/XR/XRGeneralSettings.asset using Guid(6c573405ef54642d7be40b3f428f5006) Importer(815301076,1909f56bfc062723c751e8b465ee728b)  -> (artifact id: 'cb272530fb5572f8e59ab7d55ee67158') in 0.158093 seconds 
========================================================================
Received Import Request.
  Time since last request: 0.000157 seconds.
  path: Assets/XRI/Settings/Resources/InteractionLayerSettings.asset
  artifactKey: Guid(c9932181010464f8b94b80fc95a793ce) Importer(815301076,1909f56bfc062723c751e8b465ee728b)
Start importing Assets/XRI/Settings/Resources/InteractionLayerSettings.asset using Guid(c9932181010464f8b94b80fc95a793ce) Importer(815301076,1909f56bfc062723c751e8b465ee728b)  -> (artifact id: 'cb343d76a527d6be233317dbe690176a') in 0.015560 seconds 
========================================================================
Received Import Request.
  Time since last request: 0.083674 seconds.
  path: Assets/Samples/XR Interaction Toolkit/2.0.1/XR Device Simulator/XR Device Simulator.prefab
  artifactKey: Guid(9f5a24a380916d14db9775daab4fe333) Importer(815301076,1909f56bfc062723c751e8b465ee728b)
Start importing Assets/Samples/XR Interaction Toolkit/2.0.1/XR Device Simulator/XR Device Simulator.prefab using Guid(9f5a24a380916d14db9775daab4fe333) Importer(815301076,1909f56bfc062723c751e8b465ee728b)  -> (artifact id: 'ce106e5459eca750dbadb74669d68400') in 0.141002 seconds 
========================================================================
Received Import Request.
  Time since last request: 83.083571 seconds.
  path: Assets/Materials/Carpet.mat
  artifactKey: Guid(be8c2d26dc0894c419819c1415980f2d) Importer(815301076,1909f56bfc062723c751e8b465ee728b)
Start importing Assets/Materials/Carpet.mat using Guid(be8c2d26dc0894c419819c1415980f2d) Importer(815301076,1909f56bfc062723c751e8b465ee728b)  -> (artifact id: '9557c151fdaa9912d03ed5c849a3feee') in 0.133472 seconds 
========================================================================
Received Import Request.
  Time since last request: 0.367997 seconds.
  path: Assets/Stage Floor.prefab
  artifactKey: Guid(07980221c34284bc2a0074bdbbe87bd6) Importer(815301076,1909f56bfc062723c751e8b465ee728b)
Start importing Assets/Stage Floor.prefab using Guid(07980221c34284bc2a0074bdbbe87bd6) Importer(815301076,1909f56bfc062723c751e8b465ee728b)  -> (artifact id: '1d56255ab35e15c0b99c0c0bd92d204d') in 0.024080 seconds 
========================================================================
Received Import Request.
  Time since last request: 113.333811 seconds.
  path: Assets/Materials/Plane.mat
  artifactKey: Guid(200ba15f1056246f4b0a9a41883ca1ab) Importer(815301076,1909f56bfc062723c751e8b465ee728b)
Start importing Assets/Materials/Plane.mat using Guid(200ba15f1056246f4b0a9a41883ca1ab) Importer(815301076,1909f56bfc062723c751e8b465ee728b)  -> (artifact id: 'c492bf9b0bb02a18fe3b3d34ddc28d30') in 0.029607 seconds 
========================================================================
Received Import Request.
  Time since last request: 176.433926 seconds.
  path: Assets/Podium.obj
  artifactKey: Guid(e53c7dc7d02ae40358729b0fd4b807d0) Importer(815301076,1909f56bfc062723c751e8b465ee728b)
Start importing Assets/Podium.obj using Guid(e53c7dc7d02ae40358729b0fd4b807d0) Importer(815301076,1909f56bfc062723c751e8b465ee728b)  -> (artifact id: 'e9a879b803136cb9f2da2773481da482') in 0.365079 seconds 
========================================================================
Received Import Request.
  Time since last request: 50.010735 seconds.
  path: Assets/Materials
  artifactKey: Guid(f53b921b954df498db52695235cbe938) Importer(815301076,1909f56bfc062723c751e8b465ee728b)
Start importing Assets/Materials using Guid(f53b921b954df498db52695235cbe938) Importer(815301076,1909f56bfc062723c751e8b465ee728b)  -> (artifact id: '6457b244825a9860da5cf7c1020ea492') in 0.003850 seconds 
========================================================================
Received Import Request.
  Time since last request: 7.169284 seconds.
  path: Assets/Materials/Podium.mat
  artifactKey: Guid(8abdaa8bbe3be4242806b65ccd3c89f9) Importer(815301076,1909f56bfc062723c751e8b465ee728b)
Start importing Assets/Materials/Podium.mat using Guid(8abdaa8bbe3be4242806b65ccd3c89f9) Importer(815301076,1909f56bfc062723c751e8b465ee728b)  -> (artifact id: 'd5dcc6e43f2081d1d302488b56536e39') in 0.028942 seconds 
========================================================================
Received Import Request.
  Time since last request: 33.782308 seconds.
  path: Assets/Materials/Plane.mat
  artifactKey: Guid(200ba15f1056246f4b0a9a41883ca1ab) Importer(815301076,1909f56bfc062723c751e8b465ee728b)
Start importing Assets/Materials/Plane.mat using Guid(200ba15f1056246f4b0a9a41883ca1ab) Importer(815301076,1909f56bfc062723c751e8b465ee728b)  -> (artifact id: 'ba9fbea4297bd6f7d2669d46d6bb6e2d') in 0.028953 seconds 
========================================================================
Received Import Request.
  Time since last request: 0.000103 seconds.
  path: Assets/Materials/Podium.mat
  artifactKey: Guid(8abdaa8bbe3be4242806b65ccd3c89f9) Importer(815301076,1909f56bfc062723c751e8b465ee728b)
Start importing Assets/Materials/Podium.mat using Guid(8abdaa8bbe3be4242806b65ccd3c89f9) Importer(815301076,1909f56bfc062723c751e8b465ee728b)  -> (artifact id: 'be39d09bf3167f13cda0d3d0f25cc748') in 0.049398 seconds 
========================================================================
Received Prepare
Registering precompiled user dll's ...
Registered in 0.003340 seconds.
Begin MonoManager ReloadAssembly
Symbol file LoadedFromMemory doesn't match image /Users/mohitloganathan/mohit/PublicSpeakingVR_XR/My project/Library/PackageCache/com.unity.visualscripting@1.7.6/Editor/VisualScripting.Core/Dependencies/YamlDotNet/Unity.VisualScripting.YamlDotNet.dll
Symbol file LoadedFromMemory doesn't match image /Users/mohitloganathan/mohit/PublicSpeakingVR_XR/My project/Library/PackageCache/com.unity.visualscripting@1.7.6/Editor/VisualScripting.Core/Dependencies/DotNetZip/Unity.VisualScripting.IonicZip.dll
Native extension for Android target not found
Native extension for OSXStandalone target not found
Refreshing native plugins compatible for Editor in 3.00 ms, found 3 plugins.
Preloading 1 native plugins for Editor in 1.27 ms.
Mono: successfully reloaded assembly
- Completed reload, in  3.947 seconds
Domain Reload Profiling:
	ReloadAssembly (3950ms)
		BeginReloadAssembly (330ms)
			ExecutionOrderSort (0ms)
			DisableScriptedObjects (8ms)
			BackupInstance (0ms)
			ReleaseScriptingObjects (0ms)
			CreateAndSetChildDomain (106ms)
		EndReloadAssembly (3434ms)
			LoadAssemblies (325ms)
			RebuildTransferFunctionScriptingTraits (0ms)
			SetupTypeCache (1327ms)
			ReleaseScriptCaches (2ms)
			RebuildScriptCaches (182ms)
			SetupLoadedEditorAssemblies (1348ms)
				LogAssemblyErrors (0ms)
				InitializePlatformSupportModulesInManaged (67ms)
				SetLoadedEditorAssemblies (3ms)
				RefreshPlugins (5ms)
				BeforeProcessingInitializeOnLoad (210ms)
				ProcessInitializeOnLoadAttributes (970ms)
				ProcessInitializeOnLoadMethodAttributes (88ms)
				AfterProcessingInitializeOnLoad (3ms)
				EditorAssembliesLoaded (2ms)
			ExecutionOrderSort2 (0ms)
			AwakeInstancesAfterBackupRestoration (22ms)
Platform modules already initialized, skipping
Refreshing native plugins compatible for Editor in 3.09 ms, found 3 plugins.
Preloading 1 native plugins for Editor in 0.83 ms.
Unloading 3966 Unused Serialized files (Serialized files now loaded: 0)
Unloading 18 unused Assets / (71.8 KB). Loaded Objects now: 4499.
Memory consumption went from 302.2 MB to 302.2 MB.
Total: 8.969241 ms (FindLiveObjects: 0.623164 ms CreateObjectMapping: 1.341894 ms MarkObjects: 6.824101 ms  DeleteObjects: 0.177831 ms)

AssetImportParameters requested are different than current active one (requested -> active):
  custom:video-decoder-ogg-theora: a1e56fd34408186e4bbccfd4996cb3dc -> 
  custom:container-muxer-webm: aa71ff27fc2769a1b78a27578f13a17b -> 
  custom:container-demuxer-webm: 4f35f7cbe854078d1ac9338744f61a02 -> 
  custom:video-encoder-webm-vp8: eb34c28f22e8b96e1ab97ce403110664 -> 
  custom:framework-osx-AVFoundation: e770b220cccbd017edd2c1fefb359320 -> 
  custom:audio-encoder-webm-vorbis: bf7c407c2cedff20999df2af8eb42d56 -> 
  custom:container-demuxer-ogg: 62fdf1f143b41e24485cea50d1cbac27 -> 
  custom:video-decoder-webm-vp8: 9c59270c3fd7afecdb556c50c9e8de78 -> 
  custom:audio-decoder-ogg-vorbis: bf7c407c2cedff20999df2af8eb42d56 -> 
========================================================================
Received Import Request.
  Time since last request: 97.144296 seconds.
  path: Assets/Prefabs
  artifactKey: Guid(b2bd7f9bdd7b64ce897485f661bd44f3) Importer(815301076,1909f56bfc062723c751e8b465ee728b)
Start importing Assets/Prefabs using Guid(b2bd7f9bdd7b64ce897485f661bd44f3) Importer(815301076,1909f56bfc062723c751e8b465ee728b)  -> (artifact id: 'bbc96dc5119d8e3a9c6f17d2ab80db27') in 0.046668 seconds 
========================================================================
Received Import Request.
  Time since last request: 0.053331 seconds.
  path: Assets/Prefabs/Stage.prefab
  artifactKey: Guid(3c38c3c7e6f824d5f9c70f3d1c08ad81) Importer(815301076,1909f56bfc062723c751e8b465ee728b)
Start importing Assets/Prefabs/Stage.prefab using Guid(3c38c3c7e6f824d5f9c70f3d1c08ad81) Importer(815301076,1909f56bfc062723c751e8b465ee728b)  -> (artifact id: '9cf5874b16aa818ff791237d51c26daa') in 0.153365 seconds 
========================================================================
Received Import Request.
  Time since last request: 0.653456 seconds.
  path: Assets/Prefabs/devotid
  artifactKey: Guid(5a8b80b899ed04e8fa952ec563b03bc7) Importer(815301076,1909f56bfc062723c751e8b465ee728b)
Start importing Assets/Prefabs/devotid using Guid(5a8b80b899ed04e8fa952ec563b03bc7) Importer(815301076,1909f56bfc062723c751e8b465ee728b)  -> (artifact id: '5e818bb004dc83b75d49ce009f348d0b') in 0.003962 seconds 
========================================================================
Received Import Request.
  Time since last request: 0.652761 seconds.
  path: Assets/Prefabs/devotid/Microphone
  artifactKey: Guid(556a347db9efc4d1eaa543da004fa610) Importer(815301076,1909f56bfc062723c751e8b465ee728b)
Start importing Assets/Prefabs/devotid/Microphone using Guid(556a347db9efc4d1eaa543da004fa610) Importer(815301076,1909f56bfc062723c751e8b465ee728b)  -> (artifact id: 'c455f6b6d9b703ad39f160e078fdc735') in 0.003968 seconds 
========================================================================
Received Import Request.
  Time since last request: 2.079912 seconds.
  path: Assets/Prefabs/devotid/Microphone/Prefabs
  artifactKey: Guid(510a69db708ccbe4f949b59cbb51a0c6) Importer(815301076,1909f56bfc062723c751e8b465ee728b)
Start importing Assets/Prefabs/devotid/Microphone/Prefabs using Guid(510a69db708ccbe4f949b59cbb51a0c6) Importer(815301076,1909f56bfc062723c751e8b465ee728b)  -> (artifact id: '0cb2508985d036c3164fc2ebfde032b1') in 0.003704 seconds 
========================================================================
Received Import Request.
  Time since last request: 0.055713 seconds.
  path: Assets/Prefabs/devotid/Microphone/Prefabs/Microphone Prefab.prefab
  artifactKey: Guid(c1ba0cd34fc1b5a48974a67377a4c749) Importer(815301076,1909f56bfc062723c751e8b465ee728b)
Start importing Assets/Prefabs/devotid/Microphone/Prefabs/Microphone Prefab.prefab using Guid(c1ba0cd34fc1b5a48974a67377a4c749) Importer(815301076,1909f56bfc062723c751e8b465ee728b) WARNING: RGBA Compressed ASTC6X6 UNorm format is not supported, decompressing texture
WARNING: RGBA Compressed ASTC6X6 UNorm format is not supported, decompressing texture
WARNING: RGBA Compressed ASTC6X6 UNorm format is not supported, decompressing texture
WARNING: RGBA Compressed ASTC6X6 UNorm format is not supported, decompressing texture
 -> (artifact id: '7c8fb98552555dbbe5e5ca039a8692fc') in 0.988385 seconds 
========================================================================
Received Prepare
Registering precompiled user dll's ...
Registered in 0.002882 seconds.
Begin MonoManager ReloadAssembly
Symbol file LoadedFromMemory doesn't match image /Users/mohitloganathan/mohit/PublicSpeakingVR_XR/My project/Library/PackageCache/com.unity.visualscripting@1.7.6/Editor/VisualScripting.Core/Dependencies/YamlDotNet/Unity.VisualScripting.YamlDotNet.dll
Symbol file LoadedFromMemory doesn't match image /Users/mohitloganathan/mohit/PublicSpeakingVR_XR/My project/Library/PackageCache/com.unity.visualscripting@1.7.6/Editor/VisualScripting.Core/Dependencies/DotNetZip/Unity.VisualScripting.IonicZip.dll
Native extension for Android target not found
Native extension for OSXStandalone target not found
Refreshing native plugins compatible for Editor in 1.09 ms, found 3 plugins.
Preloading 1 native plugins for Editor in 0.73 ms.
Mono: successfully reloaded assembly
- Completed reload, in  4.498 seconds
Domain Reload Profiling:
	ReloadAssembly (4499ms)
		BeginReloadAssembly (411ms)
			ExecutionOrderSort (0ms)
			DisableScriptedObjects (12ms)
			BackupInstance (0ms)
			ReleaseScriptingObjects (0ms)
			CreateAndSetChildDomain (138ms)
		EndReloadAssembly (3881ms)
			LoadAssemblies (370ms)
			RebuildTransferFunctionScriptingTraits (0ms)
			SetupTypeCache (1452ms)
			ReleaseScriptCaches (2ms)
			RebuildScriptCaches (252ms)
			SetupLoadedEditorAssemblies (1523ms)
				LogAssemblyErrors (0ms)
				InitializePlatformSupportModulesInManaged (62ms)
				SetLoadedEditorAssemblies (1ms)
				RefreshPlugins (2ms)
				BeforeProcessingInitializeOnLoad (234ms)
				ProcessInitializeOnLoadAttributes (1086ms)
				ProcessInitializeOnLoadMethodAttributes (131ms)
				AfterProcessingInitializeOnLoad (4ms)
				EditorAssembliesLoaded (2ms)
			ExecutionOrderSort2 (0ms)
			AwakeInstancesAfterBackupRestoration (21ms)
Platform modules already initialized, skipping
Refreshing native plugins compatible for Editor in 11.80 ms, found 3 plugins.
Preloading 1 native plugins for Editor in 0.57 ms.
Unloading 3966 Unused Serialized files (Serialized files now loaded: 0)
Unloading 18 unused Assets / (71.8 KB). Loaded Objects now: 4503.
Memory consumption went from 321.4 MB to 321.3 MB.
Total: 5.930693 ms (FindLiveObjects: 0.655235 ms CreateObjectMapping: 0.569244 ms MarkObjects: 4.560377 ms  DeleteObjects: 0.141670 ms)

AssetImportParameters requested are different than current active one (requested -> active):
  custom:video-decoder-ogg-theora: a1e56fd34408186e4bbccfd4996cb3dc -> 
  custom:container-muxer-webm: aa71ff27fc2769a1b78a27578f13a17b -> 
  custom:container-demuxer-webm: 4f35f7cbe854078d1ac9338744f61a02 -> 
  custom:video-encoder-webm-vp8: eb34c28f22e8b96e1ab97ce403110664 -> 
  custom:framework-osx-AVFoundation: e770b220cccbd017edd2c1fefb359320 -> 
  custom:audio-encoder-webm-vorbis: bf7c407c2cedff20999df2af8eb42d56 -> 
  custom:container-demuxer-ogg: 62fdf1f143b41e24485cea50d1cbac27 -> 
  custom:video-decoder-webm-vp8: 9c59270c3fd7afecdb556c50c9e8de78 -> 
  custom:audio-decoder-ogg-vorbis: bf7c407c2cedff20999df2af8eb42d56 -> 
